<?xml version="1.0" encoding="UTF-8"?>
<!-- Generated by org.testng.reporters.JUnitReportReporter -->
<testsuite hostname="DESKTOP-UBNLK91" failures="0" tests="2" name="simpleannotations.dependsOnMethods" time="0.013" errors="0" timestamp="2021-11-24T13:50:05 IST" skipped="0">
  <testcase classname="simpleannotations.dependsOnMethods" name="flipkart" time="0.010"/>
  <system-out/>
  <testcase classname="simpleannotations.dependsOnMethods" name="amazon" time="0.003"/>
  <system-out/>
</testsuite> <!-- simpleannotations.dependsOnMethods -->
