<?xml version="1.0" encoding="UTF-8"?>
<!-- Generated by org.testng.reporters.JUnitReportReporter -->
<testsuite hostname="DESKTOP-UBNLK91" failures="0" tests="3" name="simpleannotations.IgnoreTest" time="0.014" errors="0" timestamp="2021-11-19T16:33:23 IST" skipped="1">
  <testcase classname="simpleannotations.IgnoreTest" name="searchFruit" time="0.013"/>
  <system-out/>
  <testcase classname="simpleannotations.IgnoreTest" name="searchTv" time="0.001"/>
  <system-out/>
  <testcase classname="simpleannotations.IgnoreTest" name="searchMobile">
    <skipped/>
  </testcase> <!-- searchMobile -->
  <system-out/>
</testsuite> <!-- simpleannotations.IgnoreTest -->
