<?xml version="1.0" encoding="UTF-8"?>
<!-- Generated by org.testng.reporters.JUnitReportReporter -->
<testsuite hostname="DESKTOP-UBNLK91" failures="0" tests="1" name="simpleannotations.SimpleAnnotation" time="0.006" errors="0" timestamp="2021-11-19T07:15:44 IST" skipped="0">
  <testcase classname="simpleannotations.SimpleAnnotation" name="setUp" time="0.006"/>
  <system-out/>
</testsuite> <!-- simpleannotations.SimpleAnnotation -->
