<?xml version="1.0" encoding="UTF-8"?>
<!-- Generated by org.testng.reporters.JUnitReportReporter -->
<testsuite hostname="DESKTOP-UBNLK91" failures="0" tests="4" name="simpleannotations.GroupingTest" time="0.012" errors="0" timestamp="2021-11-24T18:12:35 IST" skipped="0">
  <testcase classname="simpleannotations.GroupingTest" name="std_Id" time="0.001"/>
  <system-out/>
  <testcase classname="simpleannotations.GroupingTest" name="clg_Name" time="0.001"/>
  <system-out/>
  <testcase classname="simpleannotations.GroupingTest" name="clg_Loacation" time="0.009"/>
  <system-out/>
  <testcase classname="simpleannotations.GroupingTest" name="std_Name" time="0.001"/>
  <system-out/>
</testsuite> <!-- simpleannotations.GroupingTest -->
