<?xml version="1.0" encoding="UTF-8"?>
<!-- Generated by org.testng.reporters.JUnitReportReporter -->
<testsuite hostname="DESKTOP-UBNLK91" failures="0" tests="3" name="simpleannotations.DependencyTest" time="0.015" errors="0" timestamp="2021-11-19T16:54:30 IST" skipped="0">
  <testcase classname="simpleannotations.DependencyTest" name="searchLaptop" time="0.003"/>
  <system-out/>
  <testcase classname="simpleannotations.DependencyTest" name="searchMobile" time="0.002"/>
  <system-out/>
  <testcase classname="simpleannotations.DependencyTest" name="searchTv" time="0.010"/>
  <system-out/>
</testsuite> <!-- simpleannotations.DependencyTest -->
