<?xml version="1.0" encoding="UTF-8"?>
<!-- Generated by org.testng.reporters.JUnitReportReporter -->
<testsuite hostname="DESKTOP-UBNLK91" failures="0" tests="5" name="simpleannotations.PriorityTest" time="0.017" errors="0" timestamp="2021-11-19T16:45:44 IST" skipped="0">
  <testcase classname="simpleannotations.PriorityTest" name="searchLaptop" time="0.010"/>
  <system-out/>
  <testcase classname="simpleannotations.PriorityTest" name="searchWatch" time="0.001"/>
  <system-out/>
  <testcase classname="simpleannotations.PriorityTest" name="searchTv" time="0.001"/>
  <system-out/>
  <testcase classname="simpleannotations.PriorityTest" name="searchFruits" time="0.002"/>
  <system-out/>
  <testcase classname="simpleannotations.PriorityTest" name="searchMobile" time="0.003"/>
  <system-out/>
</testsuite> <!-- simpleannotations.PriorityTest -->
