<?xml version="1.0" encoding="UTF-8"?>
<!-- Generated by org.testng.reporters.JUnitReportReporter -->
<testsuite hostname="DESKTOP-UBNLK91" failures="0" tests="1" name="simpleannotations.NewTest" time="0.018" errors="0" timestamp="2021-11-19T16:13:52 IST" skipped="0">
  <testcase classname="simpleannotations.NewTest" name="setUp" time="0.018"/>
  <system-out/>
</testsuite> <!-- simpleannotations.NewTest -->
